{
    "FunctionName": "hello-cli",
    "FunctionArn": "arn:aws:lambda:us-east-1:933144550434:function:hello-cli",
    "Runtime": "nodejs12.x",
    "Role": "arn:aws:iam::933144550434:role/lambda-example",
    "Handler": "index.handler",
    "CodeSize": 334,
    "Description": "",
    "Timeout": 3,
    "MemorySize": 128,
    "LastModified": "2020-06-16T17:57:04.172+0000",
    "CodeSha256": "z2lt0DTl3PWSy36PJue+j7ZvdyO4NQ1MGx35z+FjhIs=",
    "Version": "$LATEST",
    "TracingConfig": {
        "Mode": "PassThrough"
    },
    "RevisionId": "2de56858-1fe7-4c75-b087-4fd3b2169a56",
    "State": "Active",
    "LastUpdateStatus": "Successful"
}
