{
    "Role": {
        "Path": "/",
        "RoleName": "lambda-example",
        "RoleId": "AROA5SQ573QRJJUESCACX",
        "Arn": "arn:aws:iam::933144550434:role/lambda-example",
        "CreateDate": "2020-06-16T17:47:39+00:00",
        "AssumeRolePolicyDocument": {
            "Version": "2012-10-17",
            "Statement": [
                {
                    "Effect": "Allow",
                    "Principal": {
                        "Service": "lambda.amazonaws.com"
                    },
                    "Action": "sts:AssumeRole"
                }
            ]
        }
    }
}
